Build started 10/30/2015 12:14:48 PM.
     1>Project "C:\Users\Sam.SamLenovoPC\Desktop\stuff\school\CMPSC 122\github\cmpsc122_hw5plus\HW5plus\HW5plus\HW5plus.vcxproj" on node 2 (Build target(s)).
     1>C:\Program Files (x86)\MSBuild\Microsoft.Cpp\v4.0\V140\Microsoft.CppBuild.targets(392,5): warning MSB8028: The intermediate directory (x64\Debug\) contains files shared from another project (Homework4.vcxproj).  This can lead to incorrect clean and rebuild behavior.
     1>ClCompile:
         C:\Program Files (x86)\Microsoft Visual Studio 14.0\VC\bin\x86_amd64\CL.exe /c /ZI /nologo /W3 /WX- /Od /D _DEBUG /D _CONSOLE /D _UNICODE /D UNICODE /Gm /EHsc /RTC1 /MDd /GS /fp:precise /Zc:wchar_t /Zc:forScope /Zc:inline /Fo"x64\Debug\\" /Fd"x64\Debug\vc140.pdb" /Gd /TP /errorReport:prompt device.cpp driver.cpp histo.cpp process.cpp proclist.cpp scheduler.cpp
         scheduler.cpp
         proclist.cpp
         process.cpp
         histo.cpp
         driver.cpp
         device.cpp
         Generating Code...
       Link:
         C:\Program Files (x86)\Microsoft Visual Studio 14.0\VC\bin\x86_amd64\link.exe /ERRORREPORT:PROMPT /OUT:"C:\Users\Sam.SamLenovoPC\Desktop\stuff\school\CMPSC 122\github\cmpsc122_hw5plus\HW5plus\x64\Debug\HW5plus.exe" /INCREMENTAL /NOLOGO kernel32.lib user32.lib gdi32.lib winspool.lib comdlg32.lib advapi32.lib shell32.lib ole32.lib oleaut32.lib uuid.lib odbc32.lib odbccp32.lib /MANIFEST /MANIFESTUAC:"level='asInvoker' uiAccess='false'" /manifest:embed /Debug /PDB:"C:\Users\Sam.SamLenovoPC\Desktop\stuff\school\CMPSC 122\github\cmpsc122_hw5plus\HW5plus\x64\Debug\HW5plus.pdb" /SUBSYSTEM:CONSOLE /TLBID:1 /DYNAMICBASE /NXCOMPAT /IMPLIB:"C:\Users\Sam.SamLenovoPC\Desktop\stuff\school\CMPSC 122\github\cmpsc122_hw5plus\HW5plus\x64\Debug\HW5plus.lib" /MACHINE:X64 x64\Debug\device.obj
         x64\Debug\driver.obj
         x64\Debug\histo.obj
         x64\Debug\process.obj
         x64\Debug\proclist.obj
         x64\Debug\scheduler.obj
         HW5plus.vcxproj -> C:\Users\Sam.SamLenovoPC\Desktop\stuff\school\CMPSC 122\github\cmpsc122_hw5plus\HW5plus\x64\Debug\HW5plus.exe
     1>Done Building Project "C:\Users\Sam.SamLenovoPC\Desktop\stuff\school\CMPSC 122\github\cmpsc122_hw5plus\HW5plus\HW5plus\HW5plus.vcxproj" (Build target(s)).

Build succeeded.

Time Elapsed 00:00:04.82
